<?xml version="1.0" encoding="UTF-8"?>
<coverage generated="1645645778181" clover="3.2.0">
  <project timestamp="1645645778181" name="All files">
    <metrics statements="25" coveredstatements="15" conditionals="10" coveredconditionals="5" methods="10" coveredmethods="5" elements="45" coveredelements="25" complexity="0" loc="25" ncloc="25" packages="1" files="2" classes="2"/>
    <file name="crud.js" path="/home/ismailco/Desktop/Microverse/module2/week3/ToDoList/src/modules/crud.js">
      <metrics statements="22" coveredstatements="12" conditionals="8" coveredconditionals="5" methods="9" coveredmethods="4"/>
      <line num="5" count="1" type="stmt"/>
      <line num="9" count="1" type="cond" truecount="1" falsecount="1"/>
      <line num="10" count="0" type="stmt"/>
      <line num="12" count="1" type="stmt"/>
      <line num="13" count="1" type="stmt"/>
      <line num="14" count="1" type="stmt"/>
      <line num="19" count="0" type="stmt"/>
      <line num="23" count="0" type="stmt"/>
      <line num="27" count="1" type="stmt"/>
      <line num="28" count="1" type="stmt"/>
      <line num="29" count="0" type="stmt"/>
      <line num="30" count="0" type="stmt"/>
      <line num="31" count="0" type="stmt"/>
      <line num="36" count="1" type="cond" truecount="1" falsecount="1"/>
      <line num="37" count="0" type="stmt"/>
      <line num="39" count="1" type="cond" truecount="3" falsecount="1"/>
      <line num="40" count="0" type="stmt"/>
      <line num="42" count="1" type="stmt"/>
      <line num="43" count="1" type="stmt"/>
      <line num="44" count="1" type="stmt"/>
      <line num="49" count="0" type="stmt"/>
      <line num="50" count="0" type="stmt"/>
    </file>
    <file name="task.js" path="/home/ismailco/Desktop/Microverse/module2/week3/ToDoList/src/modules/task.js">
      <metrics statements="3" coveredstatements="3" conditionals="2" coveredconditionals="0" methods="1" coveredmethods="1"/>
      <line num="3" count="1" type="stmt"/>
      <line num="4" count="1" type="stmt"/>
      <line num="5" count="1" type="stmt"/>
    </file>
  </project>
</coverage>
