<?xml version="1.0" encoding="UTF-8"?>
<coverage generated="1645629152801" clover="3.2.0">
  <project timestamp="1645629152801" name="All files">
    <metrics statements="15" coveredstatements="8" conditionals="9" coveredconditionals="2" methods="3" coveredmethods="2" elements="27" coveredelements="12" complexity="0" loc="15" ncloc="15" packages="1" files="1" classes="1"/>
    <file name="localStorage.js" path="/home/ismailco/Desktop/Microverse/module2/week3/ToDoList/src/modules/localStorage.js">
      <metrics statements="15" coveredstatements="8" conditionals="9" coveredconditionals="2" methods="3" coveredmethods="2"/>
      <line num="1" count="1" type="stmt"/>
      <line num="2" count="1" type="stmt"/>
      <line num="3" count="1" type="stmt"/>
      <line num="6" count="1" type="stmt"/>
      <line num="7" count="2" type="cond" truecount="2" falsecount="0"/>
      <line num="8" count="1" type="stmt"/>
      <line num="10" count="1" type="stmt"/>
      <line num="14" count="1" type="stmt"/>
      <line num="16" count="0" type="stmt"/>
      <line num="17" count="0" type="stmt"/>
      <line num="18" count="0" type="stmt"/>
      <line num="19" count="0" type="stmt"/>
      <line num="20" count="0" type="stmt"/>
      <line num="21" count="0" type="stmt"/>
      <line num="23" count="0" type="stmt"/>
    </file>
  </project>
</coverage>
