{"/home/ismailco/Desktop/Microverse/module2/week3/ToDoList/src/modules/localStorage.js": {"path":"/home/ismailco/Desktop/Microverse/module2/week3/ToDoList/src/modules/localStorage.js","statementMap":{"0":{"start":{"line":1,"column":18},"end":{"line":4,"column":1}},"1":{"start":{"line":2,"column":14},"end":{"line":2,"column":58}},"2":{"start":{"line":3,"column":2},"end":{"line":3,"column":13}},"3":{"start":{"line":6,"column":24},"end":{"line":12,"column":1}},"4":{"start":{"line":7,"column":2},"end":{"line":11,"column":3}},"5":{"start":{"line":8,"column":4},"end":{"line":8,"column":41}},"6":{"start":{"line":10,"column":4},"end":{"line":10,"column":63}},"7":{"start":{"line":14,"column":25},"end":{"line":39,"column":1}},"8":{"start":{"line":16,"column":2},"end":{"line":38,"column":3}},"9":{"start":{"line":17,"column":4},"end":{"line":17,"column":27}},"10":{"start":{"line":18,"column":14},"end":{"line":18,"column":32}},"11":{"start":{"line":19,"column":4},"end":{"line":19,"column":26}},"12":{"start":{"line":20,"column":4},"end":{"line":20,"column":26}},"13":{"start":{"line":21,"column":4},"end":{"line":21,"column":16}},"14":{"start":{"line":23,"column":4},"end":{"line":37,"column":6}}},"fnMap":{"0":{"name":"(anonymous_0)","decl":{"start":{"line":1,"column":18},"end":{"line":1,"column":19}},"loc":{"start":{"line":1,"column":24},"end":{"line":4,"column":1}},"line":1},"1":{"name":"(anonymous_1)","decl":{"start":{"line":6,"column":24},"end":{"line":6,"column":25}},"loc":{"start":{"line":6,"column":38},"end":{"line":12,"column":1}},"line":6},"2":{"name":"(anonymous_2)","decl":{"start":{"line":14,"column":25},"end":{"line":14,"column":26}},"loc":{"start":{"line":14,"column":35},"end":{"line":39,"column":1}},"line":14}},"branchMap":{"0":{"loc":{"start":{"line":7,"column":2},"end":{"line":11,"column":3}},"type":"if","locations":[{"start":{"line":7,"column":2},"end":{"line":11,"column":3}},{"start":{"line":9,"column":9},"end":{"line":11,"column":3}}],"line":7},"1":{"loc":{"start":{"line":24,"column":6},"end":{"line":36,"column":26}},"type":"binary-expr","locations":[{"start":{"line":24,"column":6},"end":{"line":24,"column":31}},{"start":{"line":26,"column":7},"end":{"line":26,"column":20}},{"start":{"line":28,"column":8},"end":{"line":28,"column":23}},{"start":{"line":31,"column":8},"end":{"line":31,"column":39}},{"start":{"line":33,"column":8},"end":{"line":33,"column":47}},{"start":{"line":35,"column":6},"end":{"line":35,"column":13}},{"start":{"line":36,"column":6},"end":{"line":36,"column":26}}],"line":24}},"s":{"0":1,"1":1,"2":1,"3":1,"4":2,"5":1,"6":1,"7":1,"8":0,"9":0,"10":0,"11":0,"12":0,"13":0,"14":0},"f":{"0":1,"1":2,"2":0},"b":{"0":[1,1],"1":[0,0,0,0,0,0,0]},"_coverageSchema":"1a1c01bbd47fc00a2c39e90264f33305004495a9","hash":"9c24d6d1c9ccf61cd85fe0254063cfdeead8afba"}
}
