TN:
SF:src/modules/crud.js
FN:4,(anonymous_0)
FN:8,(anonymous_1)
FN:18,(anonymous_2)
FN:22,(anonymous_3)
FN:26,(anonymous_4)
FN:28,(anonymous_5)
FN:35,(anonymous_6)
FN:48,(anonymous_7)
FN:49,(anonymous_8)
FNF:9
FNH:4
FNDA:1,(anonymous_0)
FNDA:1,(anonymous_1)
FNDA:0,(anonymous_2)
FNDA:0,(anonymous_3)
FNDA:1,(anonymous_4)
FNDA:0,(anonymous_5)
FNDA:1,(anonymous_6)
FNDA:0,(anonymous_7)
FNDA:0,(anonymous_8)
DA:5,1
DA:9,1
DA:10,0
DA:12,1
DA:13,1
DA:14,1
DA:19,0
DA:23,0
DA:27,1
DA:28,1
DA:29,0
DA:30,0
DA:31,0
DA:36,1
DA:37,0
DA:39,1
DA:40,0
DA:42,1
DA:43,1
DA:44,1
DA:49,0
DA:50,0
LF:22
LH:12
BRDA:9,0,0,0
BRDA:9,0,1,1
BRDA:36,1,0,0
BRDA:36,1,1,1
BRDA:39,2,0,0
BRDA:39,2,1,1
BRDA:39,3,0,1
BRDA:39,3,1,1
BRF:8
BRH:5
end_of_record
TN:
SF:src/modules/task.js
FN:2,(anonymous_0)
FNF:1
FNH:1
FNDA:1,(anonymous_0)
DA:3,1
DA:4,1
DA:5,1
LF:3
LH:3
BRDA:2,0,0,0
BRDA:2,1,0,0
BRF:2
BRH:0
end_of_record
