TN:
SF:src/modules/crud.js
FN:4,(anonymous_0)
FN:8,(anonymous_1)
FN:18,(anonymous_2)
FN:22,(anonymous_3)
FN:26,(anonymous_4)
FN:28,(anonymous_5)
FN:35,(anonymous_6)
FN:48,(anonymous_7)
FN:49,(anonymous_8)
FNF:9
FNH:5
FNDA:1,(anonymous_0)
FNDA:5,(anonymous_1)
FNDA:0,(anonymous_2)
FNDA:0,(anonymous_3)
FNDA:2,(anonymous_4)
FNDA:5,(anonymous_5)
FNDA:4,(anonymous_6)
FNDA:0,(anonymous_7)
FNDA:0,(anonymous_8)
DA:5,1
DA:9,5
DA:10,1
DA:12,4
DA:13,4
DA:14,4
DA:19,0
DA:23,0
DA:27,2
DA:28,2
DA:29,5
DA:30,5
DA:31,5
DA:36,4
DA:37,1
DA:39,3
DA:40,1
DA:42,2
DA:43,2
DA:44,2
DA:49,0
DA:50,0
LF:22
LH:18
BRDA:9,0,0,1
BRDA:9,0,1,4
BRDA:36,1,0,1
BRDA:36,1,1,3
BRDA:39,2,0,1
BRDA:39,2,1,2
BRDA:39,3,0,3
BRDA:39,3,1,2
BRF:8
BRH:8
end_of_record
TN:
SF:src/modules/task.js
FN:2,(anonymous_0)
FNF:1
FNH:1
FNDA:4,(anonymous_0)
DA:3,4
DA:4,4
DA:5,4
LF:3
LH:3
BRDA:2,0,0,0
BRDA:2,1,0,0
BRF:2
BRH:0
end_of_record
